<?xml version="1.0" encoding="UTF-8"?>
<!-- Generated by org.testng.reporters.JUnitReportReporter -->
<testsuite hostname="DESKTOP-QGMKBOH" failures="0" tests="3" name="com.letcode.testcases.HomePageTests" time="11.959" errors="0" timestamp="2025-10-24T18:59:37 IST" skipped="0">
  <testcase classname="com.letcode.testcases.HomePageTests" name="ValidatingPageTitleTest" time="2.947"/>
  <testcase classname="com.letcode.testcases.HomePageTests" name="ValidatePageHeadingTest" time="5.312"/>
  <testcase classname="com.letcode.testcases.HomePageTests" name="ValidatePageCurrentUrlTest" time="3.700"/>
</testsuite> <!-- com.letcode.testcases.HomePageTests -->
