<?xml version="1.0" encoding="UTF-8"?>
<!-- Generated by org.testng.reporters.JUnitReportReporter -->
<testsuite hostname="DESKTOP-QGMKBOH" failures="0" tests="1" name="com.letcode.testcases.ButtonPageTest" time="6.855" errors="0" timestamp="2025-10-25T14:08:58 IST" skipped="0">
  <testcase classname="com.letcode.testcases.ButtonPageTest" name="verifyFindLocationButton" time="6.855"/>
</testsuite> <!-- com.letcode.testcases.ButtonPageTest -->
