<?xml version="1.0" encoding="UTF-8"?>
<!-- Generated by org.testng.reporters.JUnitReportReporter -->
<testsuite hostname="DESKTOP-QGMKBOH" failures="0" tests="1" name="com.letcode.testcases.ButtonPageTest" time="7.031" errors="0" timestamp="2025-10-25T16:39:50 IST" skipped="0">
  <testcase classname="com.letcode.testcases.ButtonPageTest" name="VerifyOnlyTheHeightofTheButton" time="7.031"/>
</testsuite> <!-- com.letcode.testcases.ButtonPageTest -->
