<?xml version="1.0" encoding="UTF-8"?>
<!-- Generated by org.testng.reporters.JUnitReportReporter -->
<testsuite hostname="DESKTOP-QGMKBOH" failures="0" tests="4" name="com.letcode.testcases.HomePageTests" time="24.951" errors="0" timestamp="2025-10-25T12:36:26 IST" skipped="0">
  <testcase classname="com.letcode.testcases.HomePageTests" name="ValidatingPageTitleTest" time="7.379"/>
  <testcase classname="com.letcode.testcases.HomePageTests" name="ValidatePageCurrentUrlTest" time="9.549"/>
  <testcase classname="com.letcode.testcases.HomePageTests" name="ValidatePageHeadingTest" time="3.408"/>
  <testcase classname="com.letcode.testcases.HomePageTests" name="PrintPageHeadingTest" time="4.615"/>
</testsuite> <!-- com.letcode.testcases.HomePageTests -->
