<?xml version="1.0" encoding="UTF-8"?>
<!-- Generated by org.testng.reporters.JUnitReportReporter -->
<testsuite hostname="DESKTOP-QGMKBOH" failures="0" tests="8" name="com.letcode.testcases.InputPageTest" time="40.671" errors="0" timestamp="2025-10-24T18:51:36 IST" skipped="0">
  <testcase classname="com.letcode.testcases.InputPageTest" name="FirstTextBoxInputTest" time="4.808"/>
  <testcase classname="com.letcode.testcases.InputPageTest" name="SecondTextBoxInputTest" time="4.686"/>
  <testcase classname="com.letcode.testcases.InputPageTest" name="Verifythetextinsidethirdbox" time="5.458"/>
  <testcase classname="com.letcode.testcases.InputPageTest" name="VerifyTextClearTest" time="4.099"/>
  <testcase classname="com.letcode.testcases.InputPageTest" name="VerifyTheTextBoxIsEnabled" time="3.536"/>
  <testcase classname="com.letcode.testcases.InputPageTest" name="TwoTextBoxInputTest" time="5.155"/>
  <testcase classname="com.letcode.testcases.InputPageTest" name="TwoTextBoxInputTest" time="7.792"/>
  <testcase classname="com.letcode.testcases.InputPageTest" name="TwoTextBoxInputTest" time="5.137"/>
</testsuite> <!-- com.letcode.testcases.InputPageTest -->
