<?xml version="1.0" encoding="UTF-8"?>
<!-- Generated by org.testng.reporters.JUnitReportReporter -->
<testsuite hostname="DESKTOP-QGMKBOH" failures="0" tests="8" name="com.letcode.testcases.InputPageTest" time="37.683" errors="0" timestamp="2025-10-24T18:59:37 IST" skipped="0">
  <testcase classname="com.letcode.testcases.InputPageTest" name="FirstTextBoxInputTest" time="4.432"/>
  <testcase classname="com.letcode.testcases.InputPageTest" name="SecondTextBoxInputTest" time="4.281"/>
  <testcase classname="com.letcode.testcases.InputPageTest" name="Verifythetextinsidethirdbox" time="3.825"/>
  <testcase classname="com.letcode.testcases.InputPageTest" name="VerifyTextClearTest" time="4.594"/>
  <testcase classname="com.letcode.testcases.InputPageTest" name="VerifyTheTextBoxIsEnabled" time="4.939"/>
  <testcase classname="com.letcode.testcases.InputPageTest" name="TwoTextBoxInputTest" time="7.047"/>
  <testcase classname="com.letcode.testcases.InputPageTest" name="TwoTextBoxInputTest" time="4.247"/>
  <testcase classname="com.letcode.testcases.InputPageTest" name="TwoTextBoxInputTest" time="4.318"/>
</testsuite> <!-- com.letcode.testcases.InputPageTest -->
