<?xml version="1.0" encoding="UTF-8"?>
<!-- Generated by org.testng.reporters.JUnitReportReporter -->
<testsuite hostname="DESKTOP-QGMKBOH" failures="0" tests="3" name="com.letcode.testcases.LoginTest" time="13.791" errors="0" timestamp="2025-10-24T11:17:55 IST" skipped="0">
  <testcase classname="com.letcode.testcases.LoginTest" name="LoginWithValidCredentialsTest" time="5.787"/>
  <testcase classname="com.letcode.testcases.LoginTest" name="LoginWithInvalidCredentialsTest" time="4.642"/>
  <testcase classname="com.letcode.testcases.LoginTest" name="LetcodeLogoVisiblity" time="3.362"/>
</testsuite> <!-- com.letcode.testcases.LoginTest -->
