<?xml version="1.0" encoding="UTF-8"?>
<!-- Generated by org.testng.reporters.JUnitReportReporter -->
<testsuite hostname="DESKTOP-QGMKBOH" failures="0" tests="4" name="com.letcode.testcases.LoginTest" time="41.201" errors="0" timestamp="2025-10-24T18:59:37 IST" skipped="1">
  <testcase classname="com.letcode.testcases.LoginTest" name="LoginWithValidCredentialsTest" time="6.043"/>
  <testcase classname="com.letcode.testcases.LoginTest" name="LoginWithValidCredentialsTest" time="24.431">
    <skipped/>
  </testcase> <!-- LoginWithValidCredentialsTest -->
  <testcase classname="com.letcode.testcases.LoginTest" name="LoginWithInvalidCredentialsTest" time="7.177"/>
  <testcase classname="com.letcode.testcases.LoginTest" name="LetcodeLogoVisiblity" time="3.550"/>
</testsuite> <!-- com.letcode.testcases.LoginTest -->
