<?xml version="1.0" encoding="UTF-8"?>
<!-- Generated by org.testng.reporters.JUnitReportReporter -->
<testsuite hostname="DESKTOP-QGMKBOH" failures="0" tests="8" name="com.letcode.testcases.InputPageTest" time="34.615" errors="0" timestamp="2025-10-24T11:42:17 IST" skipped="0">
  <testcase classname="com.letcode.testcases.InputPageTest" name="FirstTextBoxInputTest" time="3.795"/>
  <testcase classname="com.letcode.testcases.InputPageTest" name="SecondTextBoxInputTest" time="4.220"/>
  <testcase classname="com.letcode.testcases.InputPageTest" name="Verifythetextinsidethirdbox" time="4.483"/>
  <testcase classname="com.letcode.testcases.InputPageTest" name="VerifyTextClearTest" time="4.233"/>
  <testcase classname="com.letcode.testcases.InputPageTest" name="VerifyTheTextBoxIsEnabled" time="5.485"/>
  <testcase classname="com.letcode.testcases.InputPageTest" name="TwoTextBoxInputTest" time="3.985"/>
  <testcase classname="com.letcode.testcases.InputPageTest" name="TwoTextBoxInputTest" time="4.277"/>
  <testcase classname="com.letcode.testcases.InputPageTest" name="TwoTextBoxInputTest" time="4.137"/>
</testsuite> <!-- com.letcode.testcases.InputPageTest -->
