<?xml version="1.0" encoding="UTF-8"?>
<!-- Generated by org.testng.reporters.JUnitReportReporter -->
<testsuite hostname="DESKTOP-QGMKBOH" failures="0" tests="3" name="com.letcode.testcases.HomePageTests" time="9.908" errors="0" timestamp="2025-10-24T18:51:36 IST" skipped="0">
  <testcase classname="com.letcode.testcases.HomePageTests" name="ValidatePageHeadingTest" time="3.633"/>
  <testcase classname="com.letcode.testcases.HomePageTests" name="ValidatingPageTitleTest" time="3.252"/>
  <testcase classname="com.letcode.testcases.HomePageTests" name="ValidatePageCurrentUrlTest" time="3.023"/>
</testsuite> <!-- com.letcode.testcases.HomePageTests -->
