<?xml version="1.0" encoding="UTF-8"?>
<!-- Generated by org.testng.reporters.JUnitReportReporter -->
<testsuite hostname="DESKTOP-QGMKBOH" failures="0" tests="3" name="com.letcode.testcases.LoginTest" time="19.697" errors="0" timestamp="2025-10-24T12:15:30 IST" skipped="0">
  <testcase classname="com.letcode.testcases.LoginTest" name="LoginWithValidCredentialsTest" time="7.989"/>
  <testcase classname="com.letcode.testcases.LoginTest" name="LoginWithInvalidCredentialsTest" time="6.775"/>
  <testcase classname="com.letcode.testcases.LoginTest" name="LetcodeLogoVisiblity" time="4.933"/>
</testsuite> <!-- com.letcode.testcases.LoginTest -->
