<?xml version="1.0" encoding="UTF-8"?>
<!-- Generated by org.testng.reporters.JUnitReportReporter -->
<testsuite hostname="DESKTOP-QGMKBOH" failures="0" tests="3" name="com.letcode.testcases.HomePageTests" time="11.075" errors="0" timestamp="2025-10-24T12:15:30 IST" skipped="0">
  <testcase classname="com.letcode.testcases.HomePageTests" name="ValidatePageCurrentUrlTest" time="4.195"/>
  <testcase classname="com.letcode.testcases.HomePageTests" name="ValidatingPageTitleTest" time="3.041"/>
  <testcase classname="com.letcode.testcases.HomePageTests" name="ValidatePageHeadingTest" time="3.839"/>
</testsuite> <!-- com.letcode.testcases.HomePageTests -->
