<?xml version="1.0" encoding="UTF-8"?>
<!-- Generated by org.testng.reporters.JUnitReportReporter -->
<testsuite hostname="DESKTOP-QGMKBOH" failures="0" tests="3" name="com.letcode.testcases.LoginTest" time="19.566" errors="0" timestamp="2025-10-24T19:29:57 IST" skipped="0">
  <testcase classname="com.letcode.testcases.LoginTest" name="LoginWithValidCredentialsTest" time="10.494"/>
  <testcase classname="com.letcode.testcases.LoginTest" name="LoginWithInvalidCredentialsTest" time="5.874"/>
  <testcase classname="com.letcode.testcases.LoginTest" name="LetcodeLogoVisiblity" time="3.198"/>
</testsuite> <!-- com.letcode.testcases.LoginTest -->
