<?xml version="1.0" encoding="UTF-8"?>
<!-- Generated by org.testng.reporters.JUnitReportReporter -->
<testsuite hostname="DESKTOP-QGMKBOH" failures="0" tests="8" name="com.letcode.testcases.InputPageTest" time="78.919" errors="0" timestamp="2025-10-24T19:29:57 IST" skipped="0">
  <testcase classname="com.letcode.testcases.InputPageTest" name="FirstTextBoxInputTest" time="18.483"/>
  <testcase classname="com.letcode.testcases.InputPageTest" name="SecondTextBoxInputTest" time="6.859"/>
  <testcase classname="com.letcode.testcases.InputPageTest" name="Verifythetextinsidethirdbox" time="5.228"/>
  <testcase classname="com.letcode.testcases.InputPageTest" name="VerifyTextClearTest" time="3.781"/>
  <testcase classname="com.letcode.testcases.InputPageTest" name="VerifyTheTextBoxIsEnabled" time="10.017"/>
  <testcase classname="com.letcode.testcases.InputPageTest" name="TwoTextBoxInputTest" time="19.517"/>
  <testcase classname="com.letcode.testcases.InputPageTest" name="TwoTextBoxInputTest" time="8.425"/>
  <testcase classname="com.letcode.testcases.InputPageTest" name="TwoTextBoxInputTest" time="6.609"/>
</testsuite> <!-- com.letcode.testcases.InputPageTest -->
