<?xml version="1.0" encoding="UTF-8"?>
<!-- Generated by org.testng.reporters.JUnitReportReporter -->
<testsuite hostname="DESKTOP-QGMKBOH" failures="0" tests="3" name="com.letcode.testcases.HomePageTests" time="10.209" errors="0" timestamp="2025-10-24T19:29:57 IST" skipped="0">
  <testcase classname="com.letcode.testcases.HomePageTests" name="ValidatePageCurrentUrlTest" time="4.173"/>
  <testcase classname="com.letcode.testcases.HomePageTests" name="ValidatingPageTitleTest" time="2.733"/>
  <testcase classname="com.letcode.testcases.HomePageTests" name="ValidatePageHeadingTest" time="3.303"/>
</testsuite> <!-- com.letcode.testcases.HomePageTests -->
