<?xml version="1.0" encoding="UTF-8"?>
<!-- Generated by org.testng.reporters.JUnitReportReporter -->
<testsuite hostname="DESKTOP-QGMKBOH" failures="0" tests="8" name="com.letcode.testcases.InputPageTest" time="55.466" errors="0" timestamp="2025-10-24T12:15:30 IST" skipped="0">
  <testcase classname="com.letcode.testcases.InputPageTest" name="FirstTextBoxInputTest" time="9.923"/>
  <testcase classname="com.letcode.testcases.InputPageTest" name="SecondTextBoxInputTest" time="5.671"/>
  <testcase classname="com.letcode.testcases.InputPageTest" name="Verifythetextinsidethirdbox" time="4.665"/>
  <testcase classname="com.letcode.testcases.InputPageTest" name="VerifyTextClearTest" time="4.844"/>
  <testcase classname="com.letcode.testcases.InputPageTest" name="VerifyTheTextBoxIsEnabled" time="4.494"/>
  <testcase classname="com.letcode.testcases.InputPageTest" name="TwoTextBoxInputTest" time="5.676"/>
  <testcase classname="com.letcode.testcases.InputPageTest" name="TwoTextBoxInputTest" time="15.902"/>
  <testcase classname="com.letcode.testcases.InputPageTest" name="TwoTextBoxInputTest" time="4.291"/>
</testsuite> <!-- com.letcode.testcases.InputPageTest -->
